<testsuite failures="1" name="src/test/java/demo/ChangePassword/UppercaseAlphabet.feature" skipped="0" tests="1" time="67.550994">
  <testcase classname="src.test.java.demo.ChangePassword.UppercaseAlphabet" name="In change password page enter old password as valid and Newpassword as notvalid and confirm password same with new password" time="67.550994">
    <failure message="UppercaseAlphabet.feature:28 - javascript evaluation failed: input(loginScreen.fields.Location,login.Data.location), js eval failed twice:var e = document.querySelector(&quot;input[id=location]&quot;); e.focus(); try { e.selectionStart = e.selectionEnd = e.value.length } catch(x) {}, error: {&quot;type&quot;:&quot;object&quot;,&quot;subtype&quot;:&quot;error&quot;,&quot;className&quot;:&quot;TypeError&quot;,&quot;description&quot;:&quot;TypeError: Cannot read property 'focus' of null\n    at &lt;anonymous&gt;:1:57&quot;,&quot;objectId&quot;:&quot;{\&quot;injectedScriptId\&quot;:1,\&quot;id\&quot;:3}&quot;}">* configure driver = { type: 'chrome', showDriverLog: true } .............. passed
* call read ('../Jsonfiles/ChngPasswordData.json') ........................ passed
* call read ('../Jsonfiles/ChngPasswordLocators.json') .................... passed
Given driver 'https://webordering-sp-stg.qubeyond.com/364/login' .......... passed
And delay(20000) .......................................................... passed
And input(loginScreen.fields.Email,login.Data.Username) ................... passed
And input(loginScreen.fields.password,login.Data.Password) ................ passed
When click(loginScreen.buttons.login) ..................................... passed
And delay(10000) .......................................................... passed
Then waitForUrl('https://webordering-sp-stg.qubeyond.com/364/search-locations') . passed
And delay(10000) .......................................................... passed
And input(loginScreen.fields.Location,login.Data.location) ................ failed

Stack Trace:
com.intuit.karate.exception.KarateException: UppercaseAlphabet.feature:28 - javascript evaluation failed: input(loginScreen.fields.Location,login.Data.location), js eval failed twice:var e = document.querySelector("input[id=location]"); e.focus(); try { e.selectionStart = e.selectionEnd = e.value.length } catch(x) {}, error: {"type":"object","subtype":"error","className":"TypeError","description":"TypeError: Cannot read property 'focus' of null\n    at &lt;anonymous&gt;:1:57","objectId":"{\"injectedScriptId\":1,\"id\":3}"}&#13;
	at âœ½.And input(loginScreen.fields.Location,login.Data.location) (UppercaseAlphabet.feature:28)&#13;

And delay(20000) .......................................................... skipped
When click(locationSearchScreen.fields.selectedItem) ...................... skipped
And delay(20000) .......................................................... skipped
When click(loginScreen.buttons.search) .................................... skipped
And delay(10000) .......................................................... skipped
When click(locationSearchScreen.fields.selectedStore) ..................... skipped
And delay(10000) .......................................................... skipped
Then waitForUrl('https://webordering-sp-stg.qubeyond.com/364/menu-category') . skipped
And delay(20000) .......................................................... skipped
When click(Changepswrd.Profile.profileIcon) ............................... skipped
And delay(20000) .......................................................... skipped
Then waitForUrl('https://webordering-sp-stg.qubeyond.com/364/dashboard') .. skipped
And delay(20000) .......................................................... skipped
When click(Changepswrd.Profile.PreferenceTab) ............................. skipped
And delay(10000) .......................................................... skipped
When click(Changepswrd.Profile.Change_Password) ........................... skipped
And delay(20000) .......................................................... skipped
And input(ChangepswrdForm.Password.CurrentPassword,PasswordFormData.FormData.Currentpassword) . skipped
And input(ChangepswrdForm.Password.NewPassword,PasswordFormData.FormData.Invalidpassword) . skipped
And input(ChangepswrdForm.Password.ConfirmPassword,PasswordFormData.FormData.Invalidpassword) . skipped
When click(ChangepswrdForm.Password.SAVEButton) ........................... skipped
And delay(20000) .......................................................... skipped
* def Expected = Validations.Messages.PopUpMessage ........................ skipped
* def Actual = text(ChangepswrdForm.ErrorMessages.Validations.popup).trim() . skipped
And match Actual == Expected .............................................. skipped
* print text(ChangepswrdForm.ErrorMessages.Validations.popup) ............. skipped
And delay(10000) .......................................................... skipped
When click(ChangepswrdForm.ErrorMessages.Validations.PopupCloseButton) .... skipped
And delay(20000) .......................................................... skipped</failure>
  </testcase>
</testsuite>
